[Tue Sep 24 15:53:57 2024] [warn] The DispatcherNoServerHeader directive in C:/Apache/conf/httpd.conf at line 183 is deprecated and will be removed in a future release.
[Tue Sep 24 15:53:57 2024] [notice] Apache/2.2.25 (Win32) Communique/4.2.3 configured -- resuming normal operations
[Tue Sep 24 15:53:57 2024] [notice] Server built: Jul 10 2013 01:52:12
[Tue Sep 24 15:53:57 2024] [notice] Parent: Created child process 22932
[Tue Sep 24 15:53:57 2024] [warn] The DispatcherNoServerHeader directive in C:/Apache/conf/httpd.conf at line 183 is deprecated and will be removed in a future release.
[Tue Sep 24 15:53:57 2024] [warn] The DispatcherNoServerHeader directive in C:/Apache/conf/httpd.conf at line 183 is deprecated and will be removed in a future release.
[Tue Sep 24 15:53:57 2024] [notice] Child 22932: Child process is running
[Tue Sep 24 15:53:57 2024] [notice] Child 22932: Acquired the start mutex.
[Tue Sep 24 15:53:57 2024] [notice] Child 22932: Starting 64 worker threads.
[Tue Sep 24 15:53:57 2024] [notice] Child 22932: Starting thread to listen on port 8080.
[Tue Sep 24 15:56:50 2024] [notice] Parent: Received shutdown signal -- Shutting down the server.
[Tue Sep 24 15:56:50 2024] [notice] Child 22932: Exit event signaled. Child process is ending.
[Tue Sep 24 15:56:51 2024] [notice] Child 22932: Released the start mutex
[Tue Sep 24 15:57:20 2024] [notice] Parent: Forcing termination of child process 288
[Tue Sep 24 15:58:24 2024] [warn] The DispatcherNoServerHeader directive in C:/Apache/conf/httpd.conf at line 183 is deprecated and will be removed in a future release.
[Tue Sep 24 15:58:24 2024] [notice] Apache/2.2.25 (Win32) Communique/4.2.3 configured -- resuming normal operations
[Tue Sep 24 15:58:24 2024] [notice] Server built: Jul 10 2013 01:52:12
[Tue Sep 24 15:58:24 2024] [notice] Parent: Created child process 7060
[Tue Sep 24 15:58:24 2024] [warn] The DispatcherNoServerHeader directive in C:/Apache/conf/httpd.conf at line 183 is deprecated and will be removed in a future release.
[Tue Sep 24 15:58:24 2024] [warn] The DispatcherNoServerHeader directive in C:/Apache/conf/httpd.conf at line 183 is deprecated and will be removed in a future release.
[Tue Sep 24 15:58:24 2024] [notice] Child 7060: Child process is running
[Tue Sep 24 15:58:24 2024] [notice] Child 7060: Acquired the start mutex.
[Tue Sep 24 15:58:24 2024] [notice] Child 7060: Starting 64 worker threads.
[Tue Sep 24 15:58:24 2024] [notice] Child 7060: Starting thread to listen on port 8080.
[Tue Sep 24 15:58:39 2024] [notice] Parent: Received shutdown signal -- Shutting down the server.
[Tue Sep 24 15:58:39 2024] [notice] Child 7060: Exit event signaled. Child process is ending.
[Tue Sep 24 15:58:40 2024] [notice] Child 7060: Released the start mutex
[Tue Sep 24 15:58:41 2024] [notice] Child 7060: All worker threads have exited.
[Tue Sep 24 15:58:41 2024] [notice] Child 7060: Child process is exiting
[Tue Sep 24 15:58:41 2024] [notice] Parent: Child process exited successfully.
[Tue Sep 24 15:58:57 2024] [warn] The DispatcherNoServerHeader directive in C:/Apache/conf/httpd.conf at line 183 is deprecated and will be removed in a future release.
[Tue Sep 24 15:58:57 2024] [notice] Apache/2.2.25 (Win32) Communique/4.2.3 configured -- resuming normal operations
[Tue Sep 24 15:58:57 2024] [notice] Server built: Jul 10 2013 01:52:12
[Tue Sep 24 15:58:57 2024] [notice] Parent: Created child process 25852
[Tue Sep 24 15:58:57 2024] [warn] The DispatcherNoServerHeader directive in C:/Apache/conf/httpd.conf at line 183 is deprecated and will be removed in a future release.
[Tue Sep 24 15:58:57 2024] [warn] The DispatcherNoServerHeader directive in C:/Apache/conf/httpd.conf at line 183 is deprecated and will be removed in a future release.
[Tue Sep 24 15:58:57 2024] [notice] Child 25852: Child process is running
[Tue Sep 24 15:58:57 2024] [notice] Child 25852: Acquired the start mutex.
[Tue Sep 24 15:58:57 2024] [notice] Child 25852: Starting 64 worker threads.
[Tue Sep 24 15:58:57 2024] [notice] Child 25852: Starting thread to listen on port 8080.
[Tue Sep 24 15:59:37 2024] [notice] Parent: Received shutdown signal -- Shutting down the server.
[Tue Sep 24 15:59:37 2024] [notice] Child 25852: Exit event signaled. Child process is ending.
[Tue Sep 24 15:59:38 2024] [notice] Child 25852: Released the start mutex
[Tue Sep 24 15:59:39 2024] [notice] Child 25852: All worker threads have exited.
[Tue Sep 24 15:59:39 2024] [notice] Child 25852: Child process is exiting
[Tue Sep 24 15:59:39 2024] [notice] Parent: Child process exited successfully.
[Tue Sep 24 16:03:16 2024] [alert] Dispatcher initialization failed.
Configuration Failed
[Tue Sep 24 16:03:28 2024] [warn] The DispatcherNoServerHeader directive in C:/Apache/conf/httpd.conf at line 183 is deprecated and will be removed in a future release.
[Tue Sep 24 16:03:28 2024] [notice] Apache/2.2.25 (Win32) Communique/4.2.3 configured -- resuming normal operations
[Tue Sep 24 16:03:28 2024] [notice] Server built: Jul 10 2013 01:52:12
[Tue Sep 24 16:03:28 2024] [notice] Parent: Created child process 27752
[Tue Sep 24 16:03:28 2024] [warn] The DispatcherNoServerHeader directive in C:/Apache/conf/httpd.conf at line 183 is deprecated and will be removed in a future release.
[Tue Sep 24 16:03:28 2024] [warn] The DispatcherNoServerHeader directive in C:/Apache/conf/httpd.conf at line 183 is deprecated and will be removed in a future release.
[Tue Sep 24 16:03:28 2024] [notice] Child 27752: Child process is running
[Tue Sep 24 16:03:29 2024] [notice] Child 27752: Acquired the start mutex.
[Tue Sep 24 16:03:29 2024] [notice] Child 27752: Starting 64 worker threads.
[Tue Sep 24 16:03:29 2024] [notice] Child 27752: Starting thread to listen on port 8080.
[Tue Sep 24 16:09:43 2024] [notice] Parent: Received restart signal -- Restarting the server.
[Tue Sep 24 16:09:43 2024] [warn] The DispatcherNoServerHeader directive in C:/Apache/conf/httpd.conf at line 183 is deprecated and will be removed in a future release.
[Tue Sep 24 16:09:43 2024] [notice] Apache/2.2.25 (Win32) Communique/4.2.3 configured -- resuming normal operations
[Tue Sep 24 16:09:43 2024] [notice] Server built: Jul 10 2013 01:52:12
[Tue Sep 24 16:09:43 2024] [notice] Parent: Created child process 31296
[Tue Sep 24 16:09:43 2024] [warn] The DispatcherNoServerHeader directive in C:/Apache/conf/httpd.conf at line 183 is deprecated and will be removed in a future release.
[Tue Sep 24 16:09:43 2024] [warn] The DispatcherNoServerHeader directive in C:/Apache/conf/httpd.conf at line 183 is deprecated and will be removed in a future release.
[Tue Sep 24 16:09:43 2024] [notice] Child 31296: Child process is running
[Tue Sep 24 16:09:44 2024] [notice] Child 27752: Released the start mutex
[Tue Sep 24 16:09:44 2024] [notice] Child 31296: Acquired the start mutex.
[Tue Sep 24 16:09:44 2024] [notice] Child 31296: Starting 64 worker threads.
[Tue Sep 24 16:09:44 2024] [notice] Child 31296: Starting thread to listen on port 8080.
[Tue Sep 24 16:09:45 2024] [notice] Child 27752: All worker threads have exited.
[Tue Sep 24 16:09:45 2024] [notice] Child 27752: Child process is exiting
[Tue Sep 24 16:12:30 2024] [notice] Parent: Received restart signal -- Restarting the server.
[Tue Sep 24 16:12:30 2024] [warn] The DispatcherNoServerHeader directive in C:/Apache/conf/httpd.conf at line 183 is deprecated and will be removed in a future release.
[Tue Sep 24 16:12:30 2024] [notice] Apache/2.2.25 (Win32) Communique/4.2.3 configured -- resuming normal operations
[Tue Sep 24 16:12:30 2024] [notice] Server built: Jul 10 2013 01:52:12
[Tue Sep 24 16:12:30 2024] [notice] Parent: Created child process 5556
[Tue Sep 24 16:12:30 2024] [warn] The DispatcherNoServerHeader directive in C:/Apache/conf/httpd.conf at line 183 is deprecated and will be removed in a future release.
[Tue Sep 24 16:12:30 2024] [warn] The DispatcherNoServerHeader directive in C:/Apache/conf/httpd.conf at line 183 is deprecated and will be removed in a future release.
[Tue Sep 24 16:12:30 2024] [notice] Child 5556: Child process is running
[Tue Sep 24 16:12:31 2024] [notice] Child 5556: Acquired the start mutex.
[Tue Sep 24 16:12:31 2024] [notice] Child 31296: Released the start mutex
[Tue Sep 24 16:12:31 2024] [notice] Child 5556: Starting 64 worker threads.
[Tue Sep 24 16:12:31 2024] [notice] Child 5556: Starting thread to listen on port 8080.
[Tue Sep 24 16:12:36 2024] [notice] Child 31296: All worker threads have exited.
[Tue Sep 24 16:12:36 2024] [notice] Child 31296: Child process is exiting
[Tue Sep 24 16:31:50 2024] [notice] Parent: Received restart signal -- Restarting the server.
[Tue Sep 24 16:31:50 2024] [warn] The DispatcherNoServerHeader directive in C:/Apache/conf/httpd.conf at line 183 is deprecated and will be removed in a future release.
[Tue Sep 24 16:31:50 2024] [notice] Apache/2.2.25 (Win32) Communique/4.2.3 configured -- resuming normal operations
[Tue Sep 24 16:31:50 2024] [notice] Server built: Jul 10 2013 01:52:12
[Tue Sep 24 16:31:50 2024] [notice] Parent: Created child process 7184
[Tue Sep 24 16:31:50 2024] [warn] The DispatcherNoServerHeader directive in C:/Apache/conf/httpd.conf at line 183 is deprecated and will be removed in a future release.
[Tue Sep 24 16:31:51 2024] [warn] The DispatcherNoServerHeader directive in C:/Apache/conf/httpd.conf at line 183 is deprecated and will be removed in a future release.
[Tue Sep 24 16:31:51 2024] [notice] Child 7184: Child process is running
[Tue Sep 24 16:31:51 2024] [notice] Child 5556: Released the start mutex
[Tue Sep 24 16:31:51 2024] [notice] Child 7184: Acquired the start mutex.
[Tue Sep 24 16:31:51 2024] [notice] Child 7184: Starting 64 worker threads.
[Tue Sep 24 16:31:51 2024] [notice] Child 7184: Starting thread to listen on port 8080.
[Tue Sep 24 16:31:52 2024] [notice] Child 5556: All worker threads have exited.
[Tue Sep 24 16:31:52 2024] [notice] Child 5556: Child process is exiting
[Tue Sep 24 16:32:25 2024] [notice] Parent: Received shutdown signal -- Shutting down the server.
[Tue Sep 24 16:32:25 2024] [notice] Child 7184: Exit event signaled. Child process is ending.
[Tue Sep 24 16:32:26 2024] [notice] Child 7184: Released the start mutex
[Tue Sep 24 16:32:27 2024] [notice] Child 7184: All worker threads have exited.
[Tue Sep 24 16:32:27 2024] [notice] Child 7184: Child process is exiting
[Tue Sep 24 16:32:27 2024] [notice] Parent: Child process exited successfully.
[Tue Sep 24 16:32:54 2024] [warn] The DispatcherNoServerHeader directive in C:/Apache/conf/httpd.conf at line 183 is deprecated and will be removed in a future release.
[Tue Sep 24 16:32:54 2024] [notice] Apache/2.2.25 (Win32) Communique/4.2.3 configured -- resuming normal operations
[Tue Sep 24 16:32:54 2024] [notice] Server built: Jul 10 2013 01:52:12
[Tue Sep 24 16:32:54 2024] [notice] Parent: Created child process 27928
[Tue Sep 24 16:32:54 2024] [warn] The DispatcherNoServerHeader directive in C:/Apache/conf/httpd.conf at line 183 is deprecated and will be removed in a future release.
[Tue Sep 24 16:32:54 2024] [warn] The DispatcherNoServerHeader directive in C:/Apache/conf/httpd.conf at line 183 is deprecated and will be removed in a future release.
[Tue Sep 24 16:32:54 2024] [notice] Child 27928: Child process is running
[Tue Sep 24 16:32:54 2024] [notice] Child 27928: Acquired the start mutex.
[Tue Sep 24 16:32:54 2024] [notice] Child 27928: Starting 64 worker threads.
[Tue Sep 24 16:32:54 2024] [notice] Child 27928: Starting thread to listen on port 8080.
[Tue Sep 24 16:32:58 2024] [error] [client 127.0.0.1] File does not exist: C:/Apache/htdocs/etc, referer: http://localhost:8080/us/en/women.html
[Tue Sep 24 16:33:01 2024] [error] [client 127.0.0.1] File does not exist: C:/Apache/htdocs/etc, referer: http://localhost:8080/content/we-retail/us/en/experience.html
[Tue Sep 24 16:33:49 2024] [notice] Parent: Received shutdown signal -- Shutting down the server.
[Tue Sep 24 16:33:49 2024] [notice] Child 27928: Exit event signaled. Child process is ending.
[Tue Sep 24 16:33:50 2024] [notice] Child 27928: Released the start mutex
[Tue Sep 24 16:34:19 2024] [notice] Parent: Forcing termination of child process 288
[Tue Sep 24 16:34:21 2024] [warn] The DispatcherNoServerHeader directive in C:/Apache/conf/httpd.conf at line 183 is deprecated and will be removed in a future release.
[Tue Sep 24 16:34:21 2024] [notice] Apache/2.2.25 (Win32) Communique/4.2.3 configured -- resuming normal operations
[Tue Sep 24 16:34:21 2024] [notice] Server built: Jul 10 2013 01:52:12
[Tue Sep 24 16:34:21 2024] [notice] Parent: Created child process 25736
[Tue Sep 24 16:34:22 2024] [warn] The DispatcherNoServerHeader directive in C:/Apache/conf/httpd.conf at line 183 is deprecated and will be removed in a future release.
[Tue Sep 24 16:34:22 2024] [warn] The DispatcherNoServerHeader directive in C:/Apache/conf/httpd.conf at line 183 is deprecated and will be removed in a future release.
[Tue Sep 24 16:34:22 2024] [notice] Child 25736: Child process is running
[Tue Sep 24 16:34:22 2024] [notice] Child 25736: Acquired the start mutex.
[Tue Sep 24 16:34:22 2024] [notice] Child 25736: Starting 64 worker threads.
[Tue Sep 24 16:34:22 2024] [notice] Child 25736: Starting thread to listen on port 8080.
[Tue Sep 24 16:35:03 2024] [notice] Parent: Received shutdown signal -- Shutting down the server.
[Tue Sep 24 16:35:03 2024] [notice] Child 25736: Exit event signaled. Child process is ending.
[Tue Sep 24 16:35:04 2024] [notice] Child 25736: Released the start mutex
[Tue Sep 24 16:35:33 2024] [notice] Parent: Forcing termination of child process 290
[Tue Sep 24 16:35:47 2024] [warn] The DispatcherNoServerHeader directive in C:/Apache/conf/httpd.conf at line 183 is deprecated and will be removed in a future release.
[Tue Sep 24 16:35:47 2024] [notice] Apache/2.2.25 (Win32) Communique/4.2.3 configured -- resuming normal operations
[Tue Sep 24 16:35:47 2024] [notice] Server built: Jul 10 2013 01:52:12
[Tue Sep 24 16:35:47 2024] [notice] Parent: Created child process 26632
[Tue Sep 24 16:35:47 2024] [warn] The DispatcherNoServerHeader directive in C:/Apache/conf/httpd.conf at line 183 is deprecated and will be removed in a future release.
[Tue Sep 24 16:35:47 2024] [warn] The DispatcherNoServerHeader directive in C:/Apache/conf/httpd.conf at line 183 is deprecated and will be removed in a future release.
[Tue Sep 24 16:35:47 2024] [notice] Child 26632: Child process is running
[Tue Sep 24 16:35:47 2024] [notice] Child 26632: Acquired the start mutex.
[Tue Sep 24 16:35:47 2024] [notice] Child 26632: Starting 64 worker threads.
[Tue Sep 24 16:35:47 2024] [notice] Child 26632: Starting thread to listen on port 8080.
[Tue Sep 24 16:37:48 2024] [notice] Parent: Received restart signal -- Restarting the server.
[Tue Sep 24 16:37:48 2024] [warn] The DispatcherNoServerHeader directive in C:/Apache/conf/httpd.conf at line 183 is deprecated and will be removed in a future release.
[Tue Sep 24 16:37:48 2024] [notice] Apache/2.2.25 (Win32) Communique/4.2.3 configured -- resuming normal operations
[Tue Sep 24 16:37:48 2024] [notice] Server built: Jul 10 2013 01:52:12
[Tue Sep 24 16:37:48 2024] [notice] Parent: Created child process 3736
[Tue Sep 24 16:37:48 2024] [warn] The DispatcherNoServerHeader directive in C:/Apache/conf/httpd.conf at line 183 is deprecated and will be removed in a future release.
[Tue Sep 24 16:37:48 2024] [warn] The DispatcherNoServerHeader directive in C:/Apache/conf/httpd.conf at line 183 is deprecated and will be removed in a future release.
[Tue Sep 24 16:37:48 2024] [notice] Child 3736: Child process is running
[Tue Sep 24 16:37:49 2024] [notice] Child 26632: Released the start mutex
[Tue Sep 24 16:37:49 2024] [notice] Child 3736: Acquired the start mutex.
[Tue Sep 24 16:37:49 2024] [notice] Child 3736: Starting 64 worker threads.
[Tue Sep 24 16:37:49 2024] [notice] Child 3736: Starting thread to listen on port 8080.
[Tue Sep 24 16:37:50 2024] [notice] Child 26632: All worker threads have exited.
[Tue Sep 24 16:37:50 2024] [notice] Child 26632: Child process is exiting
[Tue Sep 24 16:38:28 2024] [notice] Parent: Received restart signal -- Restarting the server.
[Tue Sep 24 16:38:28 2024] [warn] The DispatcherNoServerHeader directive in C:/Apache/conf/httpd.conf at line 183 is deprecated and will be removed in a future release.
[Tue Sep 24 16:38:28 2024] [notice] Apache/2.2.25 (Win32) Communique/4.2.3 configured -- resuming normal operations
[Tue Sep 24 16:38:28 2024] [notice] Server built: Jul 10 2013 01:52:12
[Tue Sep 24 16:38:28 2024] [notice] Parent: Created child process 9152
[Tue Sep 24 16:38:28 2024] [warn] The DispatcherNoServerHeader directive in C:/Apache/conf/httpd.conf at line 183 is deprecated and will be removed in a future release.
[Tue Sep 24 16:38:28 2024] [warn] The DispatcherNoServerHeader directive in C:/Apache/conf/httpd.conf at line 183 is deprecated and will be removed in a future release.
[Tue Sep 24 16:38:28 2024] [notice] Child 9152: Child process is running
[Tue Sep 24 16:38:29 2024] [notice] Child 3736: Released the start mutex
[Tue Sep 24 16:38:29 2024] [notice] Child 9152: Acquired the start mutex.
[Tue Sep 24 16:38:29 2024] [notice] Child 9152: Starting 64 worker threads.
[Tue Sep 24 16:38:29 2024] [notice] Child 9152: Starting thread to listen on port 8080.
[Tue Sep 24 16:38:30 2024] [notice] Child 3736: All worker threads have exited.
[Tue Sep 24 16:38:30 2024] [notice] Child 3736: Child process is exiting
[Tue Sep 24 16:40:10 2024] [notice] Parent: Received restart signal -- Restarting the server.
[Tue Sep 24 16:40:10 2024] [warn] The DispatcherNoServerHeader directive in C:/Apache/conf/httpd.conf at line 183 is deprecated and will be removed in a future release.
[Tue Sep 24 16:40:10 2024] [notice] Apache/2.2.25 (Win32) Communique/4.2.3 configured -- resuming normal operations
[Tue Sep 24 16:40:10 2024] [notice] Server built: Jul 10 2013 01:52:12
[Tue Sep 24 16:40:10 2024] [notice] Parent: Created child process 17404
[Tue Sep 24 16:40:10 2024] [warn] The DispatcherNoServerHeader directive in C:/Apache/conf/httpd.conf at line 183 is deprecated and will be removed in a future release.
[Tue Sep 24 16:40:10 2024] [warn] The DispatcherNoServerHeader directive in C:/Apache/conf/httpd.conf at line 183 is deprecated and will be removed in a future release.
[Tue Sep 24 16:40:10 2024] [notice] Child 17404: Child process is running
[Tue Sep 24 16:40:11 2024] [notice] Child 9152: Released the start mutex
[Tue Sep 24 16:40:11 2024] [notice] Child 17404: Acquired the start mutex.
[Tue Sep 24 16:40:11 2024] [notice] Child 17404: Starting 64 worker threads.
[Tue Sep 24 16:40:11 2024] [notice] Child 17404: Starting thread to listen on port 8080.
[Tue Sep 24 16:40:13 2024] [notice] Child 9152: All worker threads have exited.
[Tue Sep 24 16:40:13 2024] [notice] Child 9152: Child process is exiting
[Tue Sep 24 16:40:40 2024] [notice] Parent: Received restart signal -- Restarting the server.
[Tue Sep 24 16:40:40 2024] [warn] The DispatcherNoServerHeader directive in C:/Apache/conf/httpd.conf at line 183 is deprecated and will be removed in a future release.
[Tue Sep 24 16:40:40 2024] [notice] Apache/2.2.25 (Win32) Communique/4.2.3 configured -- resuming normal operations
[Tue Sep 24 16:40:40 2024] [notice] Server built: Jul 10 2013 01:52:12
[Tue Sep 24 16:40:40 2024] [notice] Parent: Created child process 21064
[Tue Sep 24 16:40:40 2024] [warn] The DispatcherNoServerHeader directive in C:/Apache/conf/httpd.conf at line 183 is deprecated and will be removed in a future release.
[Tue Sep 24 16:40:40 2024] [warn] The DispatcherNoServerHeader directive in C:/Apache/conf/httpd.conf at line 183 is deprecated and will be removed in a future release.
[Tue Sep 24 16:40:40 2024] [notice] Child 21064: Child process is running
[Tue Sep 24 16:40:41 2024] [notice] Child 21064: Acquired the start mutex.
[Tue Sep 24 16:40:41 2024] [notice] Child 17404: Released the start mutex
[Tue Sep 24 16:40:41 2024] [notice] Child 21064: Starting 64 worker threads.
[Tue Sep 24 16:40:41 2024] [notice] Child 21064: Starting thread to listen on port 8080.
[Tue Sep 24 16:40:43 2024] [notice] Child 17404: All worker threads have exited.
[Tue Sep 24 16:40:43 2024] [notice] Child 17404: Child process is exiting
[Tue Sep 24 16:46:40 2024] [notice] Parent: Received restart signal -- Restarting the server.
[Tue Sep 24 16:46:40 2024] [warn] The DispatcherNoServerHeader directive in C:/Apache/conf/httpd.conf at line 183 is deprecated and will be removed in a future release.
[Tue Sep 24 16:46:40 2024] [notice] Apache/2.2.25 (Win32) Communique/4.2.3 configured -- resuming normal operations
[Tue Sep 24 16:46:40 2024] [notice] Server built: Jul 10 2013 01:52:12
[Tue Sep 24 16:46:40 2024] [notice] Parent: Created child process 21476
[Tue Sep 24 16:46:40 2024] [warn] The DispatcherNoServerHeader directive in C:/Apache/conf/httpd.conf at line 183 is deprecated and will be removed in a future release.
[Tue Sep 24 16:46:40 2024] [warn] The DispatcherNoServerHeader directive in C:/Apache/conf/httpd.conf at line 183 is deprecated and will be removed in a future release.
[Tue Sep 24 16:46:40 2024] [notice] Child 21476: Child process is running
[Tue Sep 24 16:46:41 2024] [notice] Child 21476: Acquired the start mutex.
[Tue Sep 24 16:46:41 2024] [notice] Child 21064: Released the start mutex
[Tue Sep 24 16:46:41 2024] [notice] Child 21476: Starting 64 worker threads.
[Tue Sep 24 16:46:41 2024] [notice] Child 21476: Starting thread to listen on port 8080.
[Tue Sep 24 16:46:42 2024] [notice] Child 21064: All worker threads have exited.
[Tue Sep 24 16:46:42 2024] [notice] Child 21064: Child process is exiting
[Tue Sep 24 16:48:00 2024] [notice] Parent: Received restart signal -- Restarting the server.
[Tue Sep 24 16:48:00 2024] [warn] The DispatcherNoServerHeader directive in C:/Apache/conf/httpd.conf at line 183 is deprecated and will be removed in a future release.
[Tue Sep 24 16:48:00 2024] [notice] Apache/2.2.25 (Win32) Communique/4.2.3 configured -- resuming normal operations
[Tue Sep 24 16:48:00 2024] [notice] Server built: Jul 10 2013 01:52:12
[Tue Sep 24 16:48:00 2024] [notice] Parent: Created child process 20176
[Tue Sep 24 16:48:00 2024] [warn] The DispatcherNoServerHeader directive in C:/Apache/conf/httpd.conf at line 183 is deprecated and will be removed in a future release.
[Tue Sep 24 16:48:00 2024] [warn] The DispatcherNoServerHeader directive in C:/Apache/conf/httpd.conf at line 183 is deprecated and will be removed in a future release.
[Tue Sep 24 16:48:00 2024] [notice] Child 20176: Child process is running
[Tue Sep 24 16:48:01 2024] [notice] Child 20176: Acquired the start mutex.
[Tue Sep 24 16:48:01 2024] [notice] Child 21476: Released the start mutex
[Tue Sep 24 16:48:01 2024] [notice] Child 20176: Starting 64 worker threads.
[Tue Sep 24 16:48:01 2024] [notice] Child 20176: Starting thread to listen on port 8080.
[Tue Sep 24 16:48:03 2024] [notice] Child 21476: All worker threads have exited.
[Tue Sep 24 16:48:03 2024] [notice] Child 21476: Child process is exiting
[Tue Sep 24 16:48:55 2024] [notice] Parent: Received restart signal -- Restarting the server.
[Tue Sep 24 16:48:55 2024] [warn] The DispatcherNoServerHeader directive in C:/Apache/conf/httpd.conf at line 183 is deprecated and will be removed in a future release.
[Tue Sep 24 16:48:55 2024] [notice] Apache/2.2.25 (Win32) Communique/4.2.3 configured -- resuming normal operations
[Tue Sep 24 16:48:55 2024] [notice] Server built: Jul 10 2013 01:52:12
[Tue Sep 24 16:48:55 2024] [notice] Parent: Created child process 17008
[Tue Sep 24 16:48:55 2024] [warn] The DispatcherNoServerHeader directive in C:/Apache/conf/httpd.conf at line 183 is deprecated and will be removed in a future release.
[Tue Sep 24 16:48:55 2024] [warn] The DispatcherNoServerHeader directive in C:/Apache/conf/httpd.conf at line 183 is deprecated and will be removed in a future release.
[Tue Sep 24 16:48:55 2024] [notice] Child 17008: Child process is running
[Tue Sep 24 16:48:56 2024] [notice] Child 20176: Released the start mutex
[Tue Sep 24 16:48:56 2024] [notice] Child 17008: Acquired the start mutex.
[Tue Sep 24 16:48:56 2024] [notice] Child 17008: Starting 64 worker threads.
[Tue Sep 24 16:48:56 2024] [notice] Child 17008: Starting thread to listen on port 8080.
[Tue Sep 24 16:48:58 2024] [notice] Child 20176: All worker threads have exited.
[Tue Sep 24 16:48:58 2024] [notice] Child 20176: Child process is exiting
[Tue Sep 24 16:49:07 2024] [notice] Parent: Received restart signal -- Restarting the server.
[Tue Sep 24 16:49:07 2024] [warn] The DispatcherNoServerHeader directive in C:/Apache/conf/httpd.conf at line 183 is deprecated and will be removed in a future release.
[Tue Sep 24 16:49:07 2024] [notice] Apache/2.2.25 (Win32) Communique/4.2.3 configured -- resuming normal operations
[Tue Sep 24 16:49:07 2024] [notice] Server built: Jul 10 2013 01:52:12
[Tue Sep 24 16:49:07 2024] [notice] Parent: Created child process 32376
[Tue Sep 24 16:49:07 2024] [warn] The DispatcherNoServerHeader directive in C:/Apache/conf/httpd.conf at line 183 is deprecated and will be removed in a future release.
[Tue Sep 24 16:49:07 2024] [warn] The DispatcherNoServerHeader directive in C:/Apache/conf/httpd.conf at line 183 is deprecated and will be removed in a future release.
[Tue Sep 24 16:49:07 2024] [notice] Child 32376: Child process is running
[Tue Sep 24 16:49:08 2024] [notice] Child 32376: Acquired the start mutex.
[Tue Sep 24 16:49:08 2024] [notice] Child 17008: Released the start mutex
[Tue Sep 24 16:49:08 2024] [notice] Child 32376: Starting 64 worker threads.
[Tue Sep 24 16:49:08 2024] [notice] Child 32376: Starting thread to listen on port 8080.
[Tue Sep 24 16:49:09 2024] [notice] Child 17008: All worker threads have exited.
[Tue Sep 24 16:49:09 2024] [notice] Child 17008: Child process is exiting
[Tue Sep 24 16:49:42 2024] [notice] Parent: Received shutdown signal -- Shutting down the server.
[Tue Sep 24 16:49:42 2024] [notice] Child 32376: Exit event signaled. Child process is ending.
[Tue Sep 24 16:49:43 2024] [notice] Child 32376: Released the start mutex
[Tue Sep 24 16:50:12 2024] [notice] Parent: Forcing termination of child process 30c
[Tue Sep 24 16:50:15 2024] [warn] The DispatcherNoServerHeader directive in C:/Apache/conf/httpd.conf at line 183 is deprecated and will be removed in a future release.
[Tue Sep 24 16:50:15 2024] [notice] Apache/2.2.25 (Win32) Communique/4.2.3 configured -- resuming normal operations
[Tue Sep 24 16:50:15 2024] [notice] Server built: Jul 10 2013 01:52:12
[Tue Sep 24 16:50:15 2024] [notice] Parent: Created child process 27432
[Tue Sep 24 16:50:15 2024] [warn] The DispatcherNoServerHeader directive in C:/Apache/conf/httpd.conf at line 183 is deprecated and will be removed in a future release.
[Tue Sep 24 16:50:15 2024] [warn] The DispatcherNoServerHeader directive in C:/Apache/conf/httpd.conf at line 183 is deprecated and will be removed in a future release.
[Tue Sep 24 16:50:15 2024] [notice] Child 27432: Child process is running
[Tue Sep 24 16:50:15 2024] [notice] Child 27432: Acquired the start mutex.
[Tue Sep 24 16:50:15 2024] [notice] Child 27432: Starting 64 worker threads.
[Tue Sep 24 16:50:15 2024] [notice] Child 27432: Starting thread to listen on port 8080.
[Tue Sep 24 16:50:27 2024] [notice] Parent: Received shutdown signal -- Shutting down the server.
[Tue Sep 24 16:50:27 2024] [notice] Child 27432: Exit event signaled. Child process is ending.
[Tue Sep 24 16:50:28 2024] [notice] Child 27432: Released the start mutex
[Tue Sep 24 16:50:57 2024] [notice] Parent: Forcing termination of child process 23c
[Tue Sep 24 17:07:14 2024] [warn] The DispatcherNoServerHeader directive in C:/Apache/conf/httpd.conf at line 183 is deprecated and will be removed in a future release.
[Tue Sep 24 17:07:14 2024] [notice] Apache/2.2.25 (Win32) Communique/4.2.3 configured -- resuming normal operations
[Tue Sep 24 17:07:14 2024] [notice] Server built: Jul 10 2013 01:52:12
[Tue Sep 24 17:07:14 2024] [notice] Parent: Created child process 24720
[Tue Sep 24 17:07:14 2024] [warn] The DispatcherNoServerHeader directive in C:/Apache/conf/httpd.conf at line 183 is deprecated and will be removed in a future release.
[Tue Sep 24 17:07:14 2024] [warn] The DispatcherNoServerHeader directive in C:/Apache/conf/httpd.conf at line 183 is deprecated and will be removed in a future release.
[Tue Sep 24 17:07:14 2024] [notice] Child 24720: Child process is running
[Tue Sep 24 17:07:14 2024] [notice] Child 24720: Acquired the start mutex.
[Tue Sep 24 17:07:14 2024] [notice] Child 24720: Starting 64 worker threads.
[Tue Sep 24 17:07:14 2024] [notice] Child 24720: Starting thread to listen on port 8080.
[Tue Sep 24 17:08:23 2024] [notice] Parent: Received restart signal -- Restarting the server.
[Tue Sep 24 17:08:23 2024] [warn] The DispatcherNoServerHeader directive in C:/Apache/conf/httpd.conf at line 183 is deprecated and will be removed in a future release.
[Tue Sep 24 17:08:23 2024] [notice] Apache/2.2.25 (Win32) Communique/4.2.3 configured -- resuming normal operations
[Tue Sep 24 17:08:23 2024] [notice] Server built: Jul 10 2013 01:52:12
[Tue Sep 24 17:08:23 2024] [notice] Parent: Created child process 10356
[Tue Sep 24 17:08:23 2024] [warn] The DispatcherNoServerHeader directive in C:/Apache/conf/httpd.conf at line 183 is deprecated and will be removed in a future release.
[Tue Sep 24 17:08:23 2024] [warn] The DispatcherNoServerHeader directive in C:/Apache/conf/httpd.conf at line 183 is deprecated and will be removed in a future release.
[Tue Sep 24 17:08:23 2024] [notice] Child 10356: Child process is running
[Tue Sep 24 17:08:24 2024] [notice] Child 10356: Acquired the start mutex.
[Tue Sep 24 17:08:24 2024] [notice] Child 24720: Released the start mutex
[Tue Sep 24 17:08:24 2024] [notice] Child 10356: Starting 64 worker threads.
[Tue Sep 24 17:08:24 2024] [notice] Child 10356: Starting thread to listen on port 8080.
[Tue Sep 24 17:08:25 2024] [notice] Child 24720: All worker threads have exited.
[Tue Sep 24 17:08:25 2024] [notice] Child 24720: Child process is exiting
[Tue Sep 24 17:13:11 2024] [notice] Parent: Received restart signal -- Restarting the server.
[Tue Sep 24 17:13:11 2024] [warn] The DispatcherNoServerHeader directive in C:/Apache/conf/httpd.conf at line 183 is deprecated and will be removed in a future release.
[Tue Sep 24 17:13:11 2024] [notice] Apache/2.2.25 (Win32) Communique/4.2.3 configured -- resuming normal operations
[Tue Sep 24 17:13:11 2024] [notice] Server built: Jul 10 2013 01:52:12
[Tue Sep 24 17:13:11 2024] [notice] Parent: Created child process 6872
[Tue Sep 24 17:13:11 2024] [warn] The DispatcherNoServerHeader directive in C:/Apache/conf/httpd.conf at line 183 is deprecated and will be removed in a future release.
[Tue Sep 24 17:13:11 2024] [warn] The DispatcherNoServerHeader directive in C:/Apache/conf/httpd.conf at line 183 is deprecated and will be removed in a future release.
[Tue Sep 24 17:13:11 2024] [notice] Child 6872: Child process is running
[Tue Sep 24 17:13:12 2024] [notice] Child 10356: Released the start mutex
[Tue Sep 24 17:13:12 2024] [notice] Child 6872: Acquired the start mutex.
[Tue Sep 24 17:13:12 2024] [notice] Child 6872: Starting 64 worker threads.
[Tue Sep 24 17:13:12 2024] [notice] Child 6872: Starting thread to listen on port 8080.
[Tue Sep 24 17:13:23 2024] [notice] Child 10356: All worker threads have exited.
[Tue Sep 24 17:13:23 2024] [notice] Child 10356: Child process is exiting
[Tue Sep 24 17:14:51 2024] [notice] Parent: Received restart signal -- Restarting the server.
[Tue Sep 24 17:14:51 2024] [warn] The DispatcherNoServerHeader directive in C:/Apache/conf/httpd.conf at line 183 is deprecated and will be removed in a future release.
[Tue Sep 24 17:14:51 2024] [notice] Apache/2.2.25 (Win32) Communique/4.2.3 configured -- resuming normal operations
[Tue Sep 24 17:14:51 2024] [notice] Server built: Jul 10 2013 01:52:12
[Tue Sep 24 17:14:51 2024] [notice] Parent: Created child process 27340
[Tue Sep 24 17:14:51 2024] [warn] The DispatcherNoServerHeader directive in C:/Apache/conf/httpd.conf at line 183 is deprecated and will be removed in a future release.
[Tue Sep 24 17:14:51 2024] [warn] The DispatcherNoServerHeader directive in C:/Apache/conf/httpd.conf at line 183 is deprecated and will be removed in a future release.
[Tue Sep 24 17:14:51 2024] [notice] Child 27340: Child process is running
[Tue Sep 24 17:14:52 2024] [notice] Child 27340: Acquired the start mutex.
[Tue Sep 24 17:14:52 2024] [notice] Child 6872: Released the start mutex
[Tue Sep 24 17:14:52 2024] [notice] Child 27340: Starting 64 worker threads.
[Tue Sep 24 17:14:52 2024] [notice] Child 27340: Starting thread to listen on port 8080.
[Tue Sep 24 17:14:53 2024] [notice] Child 6872: All worker threads have exited.
[Tue Sep 24 17:14:53 2024] [notice] Child 6872: Child process is exiting
[Tue Sep 24 21:21:01 2024] [notice] Parent: Received shutdown signal -- Shutting down the server.
[Tue Sep 24 21:21:01 2024] [notice] Child 27340: Exit event signaled. Child process is ending.
[Tue Sep 24 21:21:02 2024] [notice] Child 27340: Released the start mutex
[Tue Sep 24 21:21:03 2024] [notice] Child 27340: All worker threads have exited.
[Tue Sep 24 21:21:03 2024] [notice] Child 27340: Child process is exiting
[Tue Sep 24 21:21:03 2024] [notice] Parent: Child process exited successfully.
[Tue Sep 24 21:21:59 2024] [warn] The DispatcherNoServerHeader directive in C:/Apache/conf/httpd.conf at line 183 is deprecated and will be removed in a future release.
[Tue Sep 24 21:21:59 2024] [notice] Apache/2.2.25 (Win32) Communique/4.2.3 configured -- resuming normal operations
[Tue Sep 24 21:21:59 2024] [notice] Server built: Jul 10 2013 01:52:12
[Tue Sep 24 21:21:59 2024] [notice] Parent: Created child process 23452
[Tue Sep 24 21:21:59 2024] [warn] The DispatcherNoServerHeader directive in C:/Apache/conf/httpd.conf at line 183 is deprecated and will be removed in a future release.
[Tue Sep 24 21:21:59 2024] [warn] The DispatcherNoServerHeader directive in C:/Apache/conf/httpd.conf at line 183 is deprecated and will be removed in a future release.
[Tue Sep 24 21:21:59 2024] [notice] Child 23452: Child process is running
[Tue Sep 24 21:21:59 2024] [notice] Child 23452: Acquired the start mutex.
[Tue Sep 24 21:21:59 2024] [notice] Child 23452: Starting 64 worker threads.
[Tue Sep 24 21:21:59 2024] [notice] Child 23452: Starting thread to listen on port 8080.
